<?xml version="1.0" encoding="UTF-8"?>
<testng-results ignored="0" total="1" passed="1" failed="0" skipped="0">
  <reporter-output>
  </reporter-output>
  <suite started-at="2022-10-17T11:42:09 PDT" name="Default suite" finished-at="2022-10-17T11:42:20 PDT" duration-ms="10586">
    <groups>
    </groups>
    <test started-at="2022-10-17T11:42:09 PDT" name="Default test" finished-at="2022-10-17T11:42:20 PDT" duration-ms="10586">
      <class name="RestDemo.RestProject">
        <test-method signature="searchCapitalofCountries()[pri:0, instance:RestDemo.RestProject@6236eb5f]" started-at="2022-10-17T11:42:09 PDT" name="searchCapitalofCountries" finished-at="2022-10-17T11:42:20 PDT" duration-ms="10514" status="PASS">
          <reporter-output>
          </reporter-output>
        </test-method> <!-- searchCapitalofCountries -->
      </class> <!-- RestDemo.RestProject -->
    </test> <!-- Default test -->
  </suite> <!-- Default suite -->
</testng-results>
